<?xml version="1.0" encoding="UTF-8"?>
<!-- Generated by org.testng.reporters.JUnitReportReporter -->
<testsuite hostname="Sanjeet" failures="0" tests="1" name="Hackathon.LumensWebsite.LumensRunnerFile" time="369.358" errors="1" timestamp="2022-01-03T15:07:20 IST" skipped="0">
  <testcase classname="Hackathon.LumensWebsite.LumensRunnerFile" name="feature" time="369.358">
    <error message="org.openqa.selenium.WebDriverException: chrome not reachable
Build info: version: &#039;3.141.59&#039;, revision: &#039;e82be7d358&#039;, time: &#039;2018-11-14T08:25:53&#039;
System info: host: &#039;SANJEET&#039;, ip: &#039;192.168.1.103&#039;, os.name: &#039;Windows 10&#039;, os.arch: &#039;amd64&#039;, os.version: &#039;10.0&#039;, java.version: &#039;15.0.2&#039;
Driver info: driver.version: ChromeDriver
remote stacktrace: Backtrace:
	Ordinal0 [0x01166903+2517251]
	Ordinal0 [0x010FF8E1+2095329]
	Ordinal0 [0x01002710+1058576]
	Ordinal0 [0x00FF75CE+1013198]
	Ordinal0 [0x0102056E+1181038]
	Ordinal0 [0x0101CA60+1165920]
	Ordinal0 [0x0101A2CF+1155791]
	Ordinal0 [0x0104AAAF+1354415]
	Ordinal0 [0x0104A71A+1353498]
	Ordinal0 [0x0104639B+1336219]
	Ordinal0 [0x010227A7+1189799]
	Ordinal0 [0x01023609+1193481]
	GetHandleVerifier [0x012F5904+1577972]
	GetHandleVerifier [0x013A0B97+2279047]
	GetHandleVerifier [0x011F6D09+534521]
	GetHandleVerifier [0x011F5DB9+530601]
	Ordinal0 [0x01104FF9+2117625]
	Ordinal0 [0x011098A8+2136232]
	Ordinal0 [0x011099E2+2136546]
	Ordinal0 [0x01113541+2176321]
	BaseThreadInitThunk [0x76E5FA29+25]
	RtlGetAppContainerNamedObjectPath [0x77687A9E+286]
	RtlGetAppContainerNamedObjectPath [0x77687A6E+238]
" type="cucumber.runtime.CucumberException">
      <![CDATA[cucumber.runtime.CucumberException: org.openqa.selenium.WebDriverException: chrome not reachable
Build info: version: '3.141.59', revision: 'e82be7d358', time: '2018-11-14T08:25:53'
System info: host: 'SANJEET', ip: '192.168.1.103', os.name: 'Windows 10', os.arch: 'amd64', os.version: '10.0', java.version: '15.0.2'
Driver info: driver.version: ChromeDriver
remote stacktrace: Backtrace:
Ordinal0 [0x01166903+2517251]
Ordinal0 [0x010FF8E1+2095329]
Ordinal0 [0x01002710+1058576]
Ordinal0 [0x00FF75CE+1013198]
Ordinal0 [0x0102056E+1181038]
Ordinal0 [0x0101CA60+1165920]
Ordinal0 [0x0101A2CF+1155791]
Ordinal0 [0x0104AAAF+1354415]
Ordinal0 [0x0104A71A+1353498]
Ordinal0 [0x0104639B+1336219]
Ordinal0 [0x010227A7+1189799]
Ordinal0 [0x01023609+1193481]
GetHandleVerifier [0x012F5904+1577972]
GetHandleVerifier [0x013A0B97+2279047]
GetHandleVerifier [0x011F6D09+534521]
GetHandleVerifier [0x011F5DB9+530601]
Ordinal0 [0x01104FF9+2117625]
Ordinal0 [0x011098A8+2136232]
Ordinal0 [0x011099E2+2136546]
Ordinal0 [0x01113541+2176321]
BaseThreadInitThunk [0x76E5FA29+25]
RtlGetAppContainerNamedObjectPath [0x77687A9E+286]
RtlGetAppContainerNamedObjectPath [0x77687A6E+238]

at cucumber.api.testng.TestNGCucumberRunner.runCucumber(TestNGCucumberRunner.java:69)
at cucumber.api.testng.AbstractTestNGCucumberTests.feature(AbstractTestNGCucumberTests.java:21)
at java.base/jdk.internal.reflect.NativeMethodAccessorImpl.invoke0(Native Method)
at java.base/jdk.internal.reflect.NativeMethodAccessorImpl.invoke(NativeMethodAccessorImpl.java:64)
at java.base/jdk.internal.reflect.DelegatingMethodAccessorImpl.invoke(DelegatingMethodAccessorImpl.java:43)
at java.base/java.lang.reflect.Method.invoke(Method.java:564)
at org.testng.internal.MethodInvocationHelper.invokeMethod(MethodInvocationHelper.java:133)
at org.testng.internal.TestInvoker.invokeMethod(TestInvoker.java:598)
at org.testng.internal.TestInvoker.invokeTestMethod(TestInvoker.java:173)
at org.testng.internal.MethodRunner.runInSequence(MethodRunner.java:46)
at org.testng.internal.TestInvoker$MethodInvocationAgent.invoke(TestInvoker.java:824)
at org.testng.internal.TestInvoker.invokeTestMethods(TestInvoker.java:146)
at org.testng.internal.TestMethodWorker.invokeTestMethods(TestMethodWorker.java:146)
at org.testng.internal.TestMethodWorker.run(TestMethodWorker.java:128)
at java.base/java.util.ArrayList.forEach(ArrayList.java:1511)
at org.testng.TestRunner.privateRun(TestRunner.java:794)
at org.testng.TestRunner.run(TestRunner.java:596)
at org.testng.SuiteRunner.runTest(SuiteRunner.java:377)
at org.testng.SuiteRunner.runSequentially(SuiteRunner.java:371)
at org.testng.SuiteRunner.privateRun(SuiteRunner.java:332)
at org.testng.SuiteRunner.run(SuiteRunner.java:276)
at org.testng.SuiteRunnerWorker.runSuite(SuiteRunnerWorker.java:53)
at org.testng.SuiteRunnerWorker.run(SuiteRunnerWorker.java:96)
at org.testng.TestNG.runSuitesSequentially(TestNG.java:1212)
at org.testng.TestNG.runSuitesLocally(TestNG.java:1134)
at org.testng.TestNG.runSuites(TestNG.java:1063)
at org.testng.TestNG.run(TestNG.java:1031)
at org.testng.remote.AbstractRemoteTestNG.run(AbstractRemoteTestNG.java:115)
at org.testng.remote.RemoteTestNG.initAndRun(RemoteTestNG.java:251)
at org.testng.remote.RemoteTestNG.main(RemoteTestNG.java:77)
Caused by: org.openqa.selenium.WebDriverException: chrome not reachable
Build info: version: '3.141.59', revision: 'e82be7d358', time: '2018-11-14T08:25:53'
System info: host: 'SANJEET', ip: '192.168.1.103', os.name: 'Windows 10', os.arch: 'amd64', os.version: '10.0', java.version: '15.0.2'
Driver info: driver.version: ChromeDriver
remote stacktrace: Backtrace:
Ordinal0 [0x01166903+2517251]
Ordinal0 [0x010FF8E1+2095329]
Ordinal0 [0x01002710+1058576]
Ordinal0 [0x00FF75CE+1013198]
Ordinal0 [0x0102056E+1181038]
Ordinal0 [0x0101CA60+1165920]
Ordinal0 [0x0101A2CF+1155791]
Ordinal0 [0x0104AAAF+1354415]
Ordinal0 [0x0104A71A+1353498]
Ordinal0 [0x0104639B+1336219]
Ordinal0 [0x010227A7+1189799]
Ordinal0 [0x01023609+1193481]
GetHandleVerifier [0x012F5904+1577972]
GetHandleVerifier [0x013A0B97+2279047]
GetHandleVerifier [0x011F6D09+534521]
GetHandleVerifier [0x011F5DB9+530601]
Ordinal0 [0x01104FF9+2117625]
Ordinal0 [0x011098A8+2136232]
Ordinal0 [0x011099E2+2136546]
Ordinal0 [0x01113541+2176321]
BaseThreadInitThunk [0x76E5FA29+25]
RtlGetAppContainerNamedObjectPath [0x77687A9E+286]
RtlGetAppContainerNamedObjectPath [0x77687A6E+238]

at java.base/jdk.internal.reflect.NativeConstructorAccessorImpl.newInstance0(Native Method)
at java.base/jdk.internal.reflect.NativeConstructorAccessorImpl.newInstance(NativeConstructorAccessorImpl.java:64)
at java.base/jdk.internal.reflect.DelegatingConstructorAccessorImpl.newInstance(DelegatingConstructorAccessorImpl.java:45)
at java.base/java.lang.reflect.Constructor.newInstanceWithCaller(Constructor.java:500)
at java.base/java.lang.reflect.Constructor.newInstance(Constructor.java:481)
at org.openqa.selenium.remote.W3CHandshakeResponse.lambda$errorHandler$0(W3CHandshakeResponse.java:62)
at org.openqa.selenium.remote.HandshakeResponse.lambda$getResponseFunction$0(HandshakeResponse.java:30)
at org.openqa.selenium.remote.ProtocolHandshake.lambda$createSession$0(ProtocolHandshake.java:126)
at java.base/java.util.stream.ReferencePipeline$3$1.accept(ReferencePipeline.java:195)
at java.base/java.util.Spliterators$ArraySpliterator.tryAdvance(Spliterators.java:958)
at java.base/java.util.stream.ReferencePipeline.forEachWithCancel(ReferencePipeline.java:127)
at java.base/java.util.stream.AbstractPipeline.copyIntoWithCancel(AbstractPipeline.java:502)
at java.base/java.util.stream.AbstractPipeline.copyInto(AbstractPipeline.java:488)
at java.base/java.util.stream.AbstractPipeline.wrapAndCopyInto(AbstractPipeline.java:474)
at java.base/java.util.stream.FindOps$FindOp.evaluateSequential(FindOps.java:150)
at java.base/java.util.stream.AbstractPipeline.evaluate(AbstractPipeline.java:234)
at java.base/java.util.stream.ReferencePipeline.findFirst(ReferencePipeline.java:543)
at org.openqa.selenium.remote.ProtocolHandshake.createSession(ProtocolHandshake.java:128)
at org.openqa.selenium.remote.ProtocolHandshake.createSession(ProtocolHandshake.java:74)
at org.openqa.selenium.remote.HttpCommandExecutor.execute(HttpCommandExecutor.java:136)
at org.openqa.selenium.remote.service.DriverCommandExecutor.execute(DriverCommandExecutor.java:83)
at org.openqa.selenium.remote.RemoteWebDriver.execute(RemoteWebDriver.java:552)
at org.openqa.selenium.remote.RemoteWebDriver.startSession(RemoteWebDriver.java:213)
at org.openqa.selenium.remote.RemoteWebDriver.<init>(RemoteWebDriver.java:131)
at org.openqa.selenium.chrome.ChromeDriver.<init>(ChromeDriver.java:181)
at org.openqa.selenium.chrome.ChromeDriver.<init>(ChromeDriver.java:168)
at org.openqa.selenium.chrome.ChromeDriver.<init>(ChromeDriver.java:123)
at lumensDataFactory.lumensDataFactory.init_driver(lumensDataFactory.java:26)
at LumensStepDefinition.LumensStepdefinition.launchBrowser(LumensStepdefinition.java:65)
at java.base/jdk.internal.reflect.NativeMethodAccessorImpl.invoke0(Native Method)
at java.base/jdk.internal.reflect.NativeMethodAccessorImpl.invoke(NativeMethodAccessorImpl.java:64)
at java.base/jdk.internal.reflect.DelegatingMethodAccessorImpl.invoke(DelegatingMethodAccessorImpl.java:43)
at java.base/java.lang.reflect.Method.invoke(Method.java:564)
at cucumber.runtime.Utils$1.call(Utils.java:40)
at cucumber.runtime.Timeout.timeout(Timeout.java:16)
at cucumber.runtime.Utils.invoke(Utils.java:34)
at cucumber.runtime.java.JavaHookDefinition.execute(JavaHookDefinition.java:60)
at cucumber.runtime.Runtime.runHookIfTagsMatch(Runtime.java:224)
at cucumber.runtime.Runtime.runHooks(Runtime.java:212)
at cucumber.runtime.Runtime.runBeforeHooks(Runtime.java:202)
at cucumber.runtime.model.CucumberScenario.run(CucumberScenario.java:40)
at cucumber.runtime.model.CucumberScenarioOutline.run(CucumberScenarioOutline.java:46)
at cucumber.runtime.model.CucumberFeature.run(CucumberFeature.java:165)
at cucumber.api.testng.TestNGCucumberRunner.runCucumber(TestNGCucumberRunner.java:63)
... 29 more
]]>
    </error>
  </testcase> <!-- feature -->
  <system-out/>
</testsuite> <!-- Hackathon.LumensWebsite.LumensRunnerFile -->
